<?xml version="1.0" encoding="UTF-8"?>
<!-- Generated by org.testng.reporters.JUnitXMLReporter -->
<testsuite hostname="BLR-2FFDJM2-10L" ignored="0" name="Test" tests="5" failures="0" timestamp="2020-11-01T23:15:16 IST" time="9.814" errors="0">
  <testcase name="verifyGetListUsers" time="4.618" classname="com.reqresAPI.RestAssuredAutomation.GetListOfUsers"/>
  <testcase name="verifyGetSingleUser" time="1.273" classname="com.reqresAPI.RestAssuredAutomation.GetSingleUserDetails"/>
  <testcase name="verifyPostCreateUser" time="1.197" classname="com.reqresAPI.RestAssuredAutomation.PostCreateUser"/>
  <testcase name="verifyPutUserDetails" time="1.386" classname="com.reqresAPI.RestAssuredAutomation.PutUpdateUserDetails"/>
  <testcase name="verifyDeleteUser" time="1.248" classname="com.reqresAPI.RestAssuredAutomation.DeleteUser"/>
</testsuite> <!-- Test -->
